<?xml version="1.0" encoding="UTF-8"?>
<!-- Generated by org.testng.reporters.JUnitReportReporter -->
<testsuite skipped="0" hostname="ketan-Inspiron-3521" name="com.api.rough.Test" tests="1" failures="0" timestamp="11 Nov 2018 11:30:17 GMT" time="7.143" errors="0">
  <testcase name="test" time="7.143" classname="com.api.rough.Test"/>
</testsuite> <!-- com.api.rough.Test -->
