<?xml version="1.0" encoding="UTF-8"?>
<!-- Generated by org.testng.reporters.JUnitReportReporter -->
<testsuite skipped="0" hostname="ketan-Inspiron-3521" name="com.api.crud.GetTest" tests="1" failures="0" timestamp="10 Nov 2018 09:38:59 GMT" time="2.212" errors="0">
  <testcase name="getStudentsFromFA" time="2.212" classname="com.api.crud.GetTest"/>
</testsuite> <!-- com.api.crud.GetTest -->
