<?xml version="1.0" encoding="UTF-8"?>
<!-- Generated by org.testng.reporters.JUnitReportReporter -->
<testsuite skipped="0" hostname="ketan-Inspiron-3521" name="com.laptop.crud.CValidatingResponseStatusCode" tests="1" failures="0" timestamp="29 Oct 2018 16:29:04 GMT" time="3.124" errors="0">
  <testcase name="getTest" time="3.124" classname="com.laptop.crud.CValidatingResponseStatusCode"/>
</testsuite> <!-- com.laptop.crud.CValidatingResponseStatusCode -->
