<?xml version="1.0" encoding="UTF-8"?>
<!-- Generated by org.testng.reporters.JUnitReportReporter -->
<testsuite skipped="0" hostname="ketan-Inspiron-3521" name="com.api.rough.Test" tests="1" failures="0" timestamp="10 Nov 2018 09:33:32 GMT" time="53.726" errors="0">
  <testcase name="testing" time="53.726" classname="com.api.rough.Test"/>
</testsuite> <!-- com.api.rough.Test -->
