<?xml version="1.0" encoding="UTF-8"?>
<!-- Generated by org.testng.reporters.JUnitReportReporter -->
<testsuite skipped="0" hostname="ketan-Inspiron-3521" name="com.api.assertions.AssertionsExamples" tests="1" failures="0" timestamp="29 Oct 2018 14:51:24 GMT" time="5.185" errors="0">
  <testcase name="test007" time="5.185" classname="com.api.assertions.AssertionsExamples"/>
</testsuite> <!-- com.api.assertions.AssertionsExamples -->
