<?xml version="1.0" encoding="UTF-8"?>
<!-- Generated by org.testng.reporters.JUnitReportReporter -->
<testsuite skipped="0" hostname="ketan-Inspiron-3521" name="com.api.crud.GetTest" tests="3" failures="0" timestamp="10 Nov 2018 07:08:32 GMT" time="4.602" errors="0">
  <testcase name="getAllStudentInformation" time="3.793" classname="com.api.crud.GetTest"/>
  <testcase name="getStudentsFromFA" time="0.437" classname="com.api.crud.GetTest"/>
  <testcase name="getStudentInfo" time="0.372" classname="com.api.crud.GetTest"/>
</testsuite> <!-- com.api.crud.GetTest -->
