<?xml version="1.0" encoding="UTF-8"?>
<!-- Generated by org.testng.reporters.JUnitReportReporter -->
<testsuite skipped="0" hostname="ketan-Inspiron-3521" name="com.api.checkresponsetime.VerifyingTime" tests="1" failures="0" timestamp="10 Nov 2018 06:51:22 GMT" time="7.219" errors="0">
  <testcase name="test001" time="7.219" classname="com.api.checkresponsetime.VerifyingTime"/>
</testsuite> <!-- com.api.checkresponsetime.VerifyingTime -->
