<?xml version="1.0" encoding="UTF-8"?>
<!-- Generated by org.testng.reporters.JUnitReportReporter -->
<testsuite skipped="0" hostname="ketan-Inspiron-3521" name="com.api.rough.Test" tests="1" failures="0" timestamp="11 Nov 2018 09:27:44 GMT" time="1.687" errors="0">
  <testcase name="test" time="1.687" classname="com.api.rough.Test"/>
</testsuite> <!-- com.api.rough.Test -->
