<?xml version="1.0" encoding="UTF-8"?>
<!-- Generated by org.testng.reporters.JUnitReportReporter -->
<testsuite skipped="0" hostname="ketan-Inspiron-3521" name="com.api.fileupload.FileUploadLoadExample" tests="1" failures="0" timestamp="10 Nov 2018 08:17:56 GMT" time="5.505" errors="0">
  <testcase name="uploadFileExample" time="5.505" classname="com.api.fileupload.FileUploadLoadExample"/>
</testsuite> <!-- com.api.fileupload.FileUploadLoadExample -->
