<?xml version="1.0" encoding="UTF-8"?>
<!-- Generated by org.testng.reporters.JUnitReportReporter -->
<testsuite skipped="0" hostname="ketan-Inspiron-3521" name="com.laptop.crud.ECustomizeHeader" tests="1" failures="0" timestamp="29 Oct 2018 16:08:20 GMT" time="1.781" errors="0">
  <testcase name="getTest" time="1.781" classname="com.laptop.crud.ECustomizeHeader"/>
</testsuite> <!-- com.laptop.crud.ECustomizeHeader -->
