<?xml version="1.0" encoding="UTF-8"?>
<!-- Generated by org.testng.reporters.JUnitReportReporter -->
<testsuite skipped="0" hostname="ketan-Inspiron-3521" name="com.api.filters.FilterExamples" tests="1" failures="0" timestamp="29 Oct 2018 16:59:16 GMT" time="2.639" errors="0">
  <testcase name="getStudent" time="2.639" classname="com.api.filters.FilterExamples"/>
</testsuite> <!-- com.api.filters.FilterExamples -->
