<?xml version="1.0" encoding="UTF-8"?>
<!-- Generated by org.testng.reporters.JUnitReportReporter -->
<testsuite skipped="0" hostname="ketan-Inspiron-3521" name="com.api.crud.PutTest" tests="1" failures="0" timestamp="10 Nov 2018 07:25:59 GMT" time="3.176" errors="0">
  <testcase name="updateStudent" time="3.176" classname="com.api.crud.PutTest"/>
</testsuite> <!-- com.api.crud.PutTest -->
