<?xml version="1.0" encoding="UTF-8"?>
<!-- Generated by org.testng.reporters.JUnitReportReporter -->
<testsuite skipped="0" hostname="ketan-Inspiron-3521" name="com.api.paypalexamples.base.BaseClassoauth2" tests="1" failures="0" timestamp="30 Oct 2018 14:14:56 GMT" time="0.021" errors="0">
  <testcase name="test" time="0.021" classname="com.api.paypalexamples.base.BaseClassoauth2"/>
</testsuite> <!-- com.api.paypalexamples.base.BaseClassoauth2 -->
