<?xml version="1.0" encoding="UTF-8"?>
<!-- Generated by org.testng.reporters.JUnitReportReporter -->
<testsuite skipped="0" hostname="ketan-Inspiron-3521" name="com.api.jsonpath.SearchJsonPathExample" tests="11" failures="0" timestamp="29 Oct 2018 17:05:47 GMT" time="22.252" errors="0">
  <testcase name="test006" time="1.618" classname="com.api.jsonpath.SearchJsonPathExample"/>
  <testcase name="test008" time="1.575" classname="com.api.jsonpath.SearchJsonPathExample"/>
  <testcase name="test011" time="1.623" classname="com.api.jsonpath.SearchJsonPathExample"/>
  <testcase name="test001" time="5.029" classname="com.api.jsonpath.SearchJsonPathExample"/>
  <testcase name="test002" time="1.816" classname="com.api.jsonpath.SearchJsonPathExample"/>
  <testcase name="test010" time="1.607" classname="com.api.jsonpath.SearchJsonPathExample"/>
  <testcase name="test005" time="1.666" classname="com.api.jsonpath.SearchJsonPathExample"/>
  <testcase name="test009" time="1.532" classname="com.api.jsonpath.SearchJsonPathExample"/>
  <testcase name="test003" time="1.854" classname="com.api.jsonpath.SearchJsonPathExample"/>
  <testcase name="test004" time="2.061" classname="com.api.jsonpath.SearchJsonPathExample"/>
  <testcase name="test007" time="1.871" classname="com.api.jsonpath.SearchJsonPathExample"/>
</testsuite> <!-- com.api.jsonpath.SearchJsonPathExample -->
