<?xml version="1.0" encoding="UTF-8"?>
<!-- Generated by org.testng.reporters.JUnitReportReporter -->
<testsuite skipped="0" hostname="ketan-Inspiron-3521" name="com.api.soapws.HolidayWsExample" tests="1" failures="0" timestamp="29 Oct 2018 17:10:05 GMT" time="3.912" errors="0">
  <testcase name="getHoildays" time="3.912" classname="com.api.soapws.HolidayWsExample"/>
</testsuite> <!-- com.api.soapws.HolidayWsExample -->
