<?xml version="1.0" encoding="UTF-8"?>
<!-- Generated by org.testng.reporters.JUnitReportReporter -->
<testsuite skipped="0" hostname="ketan-Inspiron-3521" name="com.api.rough.Test" tests="1" failures="0" timestamp="11 Nov 2018 07:23:01 GMT" time="2.270" errors="0">
  <testcase name="test" time="2.270" classname="com.api.rough.Test"/>
</testsuite> <!-- com.api.rough.Test -->
