<?xml version="1.0" encoding="UTF-8"?>
<!-- Generated by org.testng.reporters.JUnitReportReporter -->
<testsuite skipped="0" hostname="ketan-Inspiron-3521" name="com.api.filedownloads.FileDownLoadExample" tests="1" failures="0" timestamp="29 Oct 2018 16:44:31 GMT" time="7.782" errors="0">
  <testcase name="verifyDownloadedFile" time="7.782" classname="com.api.filedownloads.FileDownLoadExample"/>
</testsuite> <!-- com.api.filedownloads.FileDownLoadExample -->
