<?xml version="1.0" encoding="UTF-8"?>
<!-- Generated by org.testng.reporters.JUnitReportReporter -->
<testsuite skipped="0" hostname="ketan-Inspiron-3521" name="com.laptop.crud.FHamcrestForValidationContentLevel" tests="1" failures="0" timestamp="29 Oct 2018 16:25:30 GMT" time="3.217" errors="0">
  <testcase name="testContent" time="3.217" classname="com.laptop.crud.FHamcrestForValidationContentLevel"/>
</testsuite> <!-- com.laptop.crud.FHamcrestForValidationContentLevel -->
