<?xml version="1.0" encoding="UTF-8"?>
<!-- Generated by org.testng.reporters.JUnitReportReporter -->
<testsuite skipped="0" hostname="ketan-Inspiron-3521" name="com.api.paypalexamples.base.BaseClassoauth2" tests="1" failures="0" timestamp="11 Nov 2018 06:40:10 GMT" time="0.014" errors="0">
  <testcase name="test" time="0.014" classname="com.api.paypalexamples.base.BaseClassoauth2"/>
</testsuite> <!-- com.api.paypalexamples.base.BaseClassoauth2 -->
