<?xml version="1.0" encoding="UTF-8"?>
<!-- Generated by org.testng.reporters.JUnitReportReporter -->
<testsuite skipped="0" hostname="ketan-Inspiron-3521" name="com.api.crud.PutTest" tests="1" failures="0" timestamp="11 Nov 2018 08:37:27 GMT" time="2.827" errors="0">
  <testcase name="updateStudent" time="2.827" classname="com.api.crud.PutTest"/>
</testsuite> <!-- com.api.crud.PutTest -->
