<?xml version="1.0" encoding="UTF-8"?>
<!-- Generated by org.testng.reporters.JUnitReportReporter -->
<testsuite skipped="0" hostname="ketan-Inspiron-3521" name="com.api.crud.PostTest" tests="1" failures="0" timestamp="11 Nov 2018 09:25:29 GMT" time="2.903" errors="0">
  <testcase name="createNewStudent" time="2.903" classname="com.api.crud.PostTest"/>
</testsuite> <!-- com.api.crud.PostTest -->
