<?xml version="1.0" encoding="UTF-8"?>
<!-- Generated by org.testng.reporters.JUnitReportReporter -->
<testsuite skipped="0" hostname="ketan-Inspiron-3521" name="com.api.jsonpath.SearchJsonPathExample" tests="11" failures="0" timestamp="11 Nov 2018 14:21:42 GMT" time="26.308" errors="0">
  <testcase name="test006" time="1.954" classname="com.api.jsonpath.SearchJsonPathExample"/>
  <testcase name="test008" time="1.812" classname="com.api.jsonpath.SearchJsonPathExample"/>
  <testcase name="test011" time="2.983" classname="com.api.jsonpath.SearchJsonPathExample"/>
  <testcase name="test001" time="5.551" classname="com.api.jsonpath.SearchJsonPathExample"/>
  <testcase name="test002" time="1.861" classname="com.api.jsonpath.SearchJsonPathExample"/>
  <testcase name="test010" time="2.825" classname="com.api.jsonpath.SearchJsonPathExample"/>
  <testcase name="test005" time="1.735" classname="com.api.jsonpath.SearchJsonPathExample"/>
  <testcase name="test009" time="2.578" classname="com.api.jsonpath.SearchJsonPathExample"/>
  <testcase name="test003" time="1.595" classname="com.api.jsonpath.SearchJsonPathExample"/>
  <testcase name="test004" time="1.683" classname="com.api.jsonpath.SearchJsonPathExample"/>
  <testcase name="test007" time="1.731" classname="com.api.jsonpath.SearchJsonPathExample"/>
</testsuite> <!-- com.api.jsonpath.SearchJsonPathExample -->
