<?xml version="1.0" encoding="UTF-8"?>
<!-- Generated by org.testng.reporters.JUnitReportReporter -->
<testsuite skipped="0" hostname="ketan-Inspiron-3521" name="com.api.crud.PatchTest" tests="1" failures="0" timestamp="10 Nov 2018 07:26:46 GMT" time="3.290" errors="0">
  <testcase name="updateStudent" time="3.290" classname="com.api.crud.PatchTest"/>
</testsuite> <!-- com.api.crud.PatchTest -->
