<?xml version="1.0" encoding="UTF-8"?>
<!-- Generated by org.testng.reporters.JUnitReportReporter -->
<testsuite skipped="0" hostname="ketan-Inspiron-3521" name="com.api.jsonassert.AssertCompleteJsonResponse" tests="2" failures="0" timestamp="29 Oct 2018 17:00:14 GMT" time="3.296" errors="0">
  <testcase name="getStudents" time="3.052" classname="com.api.jsonassert.AssertCompleteJsonResponse"/>
  <testcase name="getStudentsStrict" time="0.244" classname="com.api.jsonassert.AssertCompleteJsonResponse"/>
</testsuite> <!-- com.api.jsonassert.AssertCompleteJsonResponse -->
