<?xml version="1.0" encoding="UTF-8"?>
<!-- Generated by org.testng.reporters.JUnitReportReporter -->
<testsuite skipped="0" hostname="ketan-Inspiron-3521" name="com.api.filedownloads.FileDownLoadExample" tests="1" failures="0" timestamp="10 Nov 2018 07:34:10 GMT" time="53.638" errors="0">
  <testcase name="verifyDownloadedFile" time="53.638" classname="com.api.filedownloads.FileDownLoadExample"/>
</testsuite> <!-- com.api.filedownloads.FileDownLoadExample -->
