<?xml version="1.0" encoding="UTF-8"?>
<!-- Generated by org.testng.reporters.JUnitReportReporter -->
<testsuite skipped="0" hostname="ketan-Inspiron-3521" name="com.api.assertions.AssertionsExamples" tests="8" failures="0" timestamp="10 Nov 2018 06:41:14 GMT" time="18.590" errors="0">
  <testcase name="test004" time="1.882" classname="com.api.assertions.AssertionsExamples"/>
  <testcase name="test002" time="3.689" classname="com.api.assertions.AssertionsExamples"/>
  <testcase name="test001" time="3.820" classname="com.api.assertions.AssertionsExamples"/>
  <testcase name="test005" time="2.040" classname="com.api.assertions.AssertionsExamples"/>
  <testcase name="test008" time="1.811" classname="com.api.assertions.AssertionsExamples"/>
  <testcase name="test003" time="1.940" classname="com.api.assertions.AssertionsExamples"/>
  <testcase name="test007" time="1.711" classname="com.api.assertions.AssertionsExamples"/>
  <testcase name="test006" time="1.697" classname="com.api.assertions.AssertionsExamples"/>
</testsuite> <!-- com.api.assertions.AssertionsExamples -->
